<?xml version="1.0" encoding="UTF-8"?>
<!-- Generated by org.testng.reporters.JUnitReportReporter -->
<testsuite hostname="ULTP_331" name="testcases.VerifyLoginPage" tests="1" failures="0" timestamp="23 Dec 2016 12:56:19 GMT" time="16.153" errors="0">
  <testcase name="testLoginPage" time="16.153" classname="testcases.VerifyLoginPage"/>
</testsuite> <!-- testcases.VerifyLoginPage -->
