<?xml version="1.0" encoding="UTF-8"?>
<!-- Generated by org.testng.reporters.JUnitReportReporter -->
<testsuite hostname="ULTP_331" name="testcases.VerifyLoginPageWithReports" tests="1" failures="0" timestamp="23 Dec 2016 13:22:21 GMT" time="14.036" errors="0">
  <testcase name="testLoginPage" time="14.036" classname="testcases.VerifyLoginPageWithReports"/>
</testsuite> <!-- testcases.VerifyLoginPageWithReports -->
