<?xml version="1.0" encoding="UTF-8"?>
<!-- Generated by org.testng.reporters.JUnitReportReporter -->
<testsuite hostname="ULTP_331" name="testcases.VerifyForgetPasswordPage" tests="1" failures="0" timestamp="23 Dec 2016 12:56:19 GMT" time="12.218" errors="0">
  <testcase name="testForgetPasswordPage" time="12.218" classname="testcases.VerifyForgetPasswordPage"/>
</testsuite> <!-- testcases.VerifyForgetPasswordPage -->
